Base path: C:/Program Files/Unity/Editor/Data
Pipe name: \\.\pipe\UnityShaderCompiler-64bit-4-12272
Cmd: getPlatforms
Cmd: compileSnippet
  api=4 type=0 insize=9591 outsize=10618 kw= ok=1
Cmd: compileSnippet
  api=1 type=0 insize=9591 outsize=3891 kw=UNITY_COLORSPACE_GAMMA ok=1
Cmd: compileSnippet
  api=1 type=1 insize=9591 outsize=837 kw= ok=1
Cmd: compileSnippet
  api=0 type=0 insize=541 outsize=1880 kw=SHADOWS_DEPTH ok=1
Cmd: compileSnippet
  api=0 type=1 insize=541 outsize=6 kw=SHADOWS_CUBE ok=1
Cmd: compileSnippet
  api=0 type=0 insize=6810 outsize=2758 kw=DIRECTIONAL SHADOWS_SCREEN LIGHTMAP_OFF DIRLIGHTMAP_OFF DYNAMICLIGHTMAP_OFF ok=1
Cmd: compileSnippet
  api=0 type=0 insize=6810 outsize=3721 kw=DIRECTIONAL SHADOWS_SCREEN LIGHTMAP_OFF DIRLIGHTMAP_OFF DYNAMICLIGHTMAP_OFF VERTEXLIGHT_ON ok=1
Cmd: compileSnippet
  api=0 type=1 insize=6810 outsize=6 kw=DIRECTIONAL SHADOWS_SCREEN LIGHTMAP_OFF DIRLIGHTMAP_OFF DYNAMICLIGHTMAP_OFF ok=1
Cmd: compileSnippet
  api=8 type=1 insize=6810 outsize=2649 kw=DIRECTIONAL SHADOWS_SCREEN SHADOWS_NATIVE LIGHTMAP_OFF DIRLIGHTMAP_OFF DYNAMICLIGHTMAP_OFF ok=1
Cmd: compileSnippet
  api=0 type=0 insize=3647 outsize=1807 kw=POINT ok=1
Cmd: compileSnippet
  api=1 type=0 insize=3647 outsize=339 kw=POINT_COOKIE ok=1
Cmd: compileSnippet
  api=4 type=0 insize=3647 outsize=2737 kw=POINT_COOKIE ok=1
Cmd: compileSnippet
  api=8 type=0 insize=3647 outsize=3876 kw=POINT_COOKIE ok=1
Cmd: compileSnippet
  api=1 type=0 insize=3647 outsize=339 kw=DIRECTIONAL_COOKIE ok=1
Cmd: compileSnippet
  api=8 type=0 insize=3647 outsize=3876 kw=DIRECTIONAL_COOKIE ok=1
Cmd: compileSnippet
  api=1 type=1 insize=3647 outsize=440 kw=POINT ok=1
Cmd: compileSnippet
  api=0 type=1 insize=3647 outsize=6 kw=SPOT ok=1
Cmd: compileSnippet
  api=0 type=1 insize=3647 outsize=6 kw=POINT_COOKIE ok=1
Cmd: compileSnippet
  api=8 type=1 insize=3647 outsize=3169 kw=POINT_COOKIE ok=1
Cmd: compileSnippet
  api=4 type=1 insize=3647 outsize=1656 kw=DIRECTIONAL_COOKIE ok=1
Cmd: compileSnippet
  api=0 type=0 insize=2805 outsize=965 kw= ok=1
Cmd: compileSnippet
  api=4 type=1 insize=2805 outsize=681 kw= ok=1
Cmd: compileSnippet
  api=1 type=0 insize=5974 outsize=707 kw=LIGHTMAP_OFF DIRLIGHTMAP_OFF DYNAMICLIGHTMAP_OFF HDR_LIGHT_PREPASS_OFF ok=1
Cmd: compileSnippet
  api=0 type=0 insize=5974 outsize=2711 kw=LIGHTMAP_OFF DIRLIGHTMAP_OFF DYNAMICLIGHTMAP_OFF UNITY_HDR_ON ok=1
Cmd: compileSnippet
  api=4 type=1 insize=5974 outsize=1347 kw=LIGHTMAP_OFF DIRLIGHTMAP_OFF DYNAMICLIGHTMAP_OFF HDR_LIGHT_PREPASS_OFF ok=1
Cmd: compileSnippet
  api=8 type=1 insize=5974 outsize=1902 kw=LIGHTMAP_OFF DIRLIGHTMAP_OFF DYNAMICLIGHTMAP_OFF UNITY_HDR_ON ok=1
Cmd: compileSnippet
  api=8 type=0 insize=5928 outsize=5379 kw=LIGHTMAP_OFF DIRLIGHTMAP_OFF DYNAMICLIGHTMAP_OFF HDR_LIGHT_PREPASS_OFF ok=1
Cmd: compileSnippet
  api=4 type=0 insize=5928 outsize=3785 kw=LIGHTMAP_OFF DIRLIGHTMAP_OFF DYNAMICLIGHTMAP_OFF UNITY_HDR_ON ok=1
Cmd: compileSnippet
  api=4 type=1 insize=5928 outsize=1632 kw=LIGHTMAP_OFF DIRLIGHTMAP_OFF DYNAMICLIGHTMAP_OFF HDR_LIGHT_PREPASS_OFF ok=1
Cmd: compileSnippet
  api=0 type=0 insize=1275 outsize=2504 kw=DIRECTIONAL SHADOWS_OFF ok=1
Cmd: compileSnippet
  api=1 type=0 insize=1275 outsize=441 kw=POINT_COOKIE SHADOWS_OFF ok=1
Cmd: compileSnippet
  api=4 type=0 insize=1275 outsize=1940 kw=POINT_COOKIE SHADOWS_OFF ok=1
Cmd: compileSnippet
  api=1 type=0 insize=1275 outsize=441 kw=DIRECTIONAL_COOKIE SHADOWS_OFF ok=1
Cmd: compileSnippet
  api=4 type=0 insize=1275 outsize=1940 kw=DIRECTIONAL_COOKIE SHADOWS_OFF ok=1
Cmd: compileSnippet
  api=1 type=0 insize=1275 outsize=441 kw=SPOT SHADOWS_DEPTH SHADOWS_NATIVE ok=1
Cmd: compileSnippet
  api=0 type=0 insize=1275 outsize=2824 kw=DIRECTIONAL SHADOWS_SCREEN ok=1
Cmd: compileSnippet
  api=0 type=0 insize=1275 outsize=4126 kw=SPOT SHADOWS_DEPTH SHADOWS_SOFT SHADOWS_NATIVE ok=1
Cmd: compileSnippet
  api=0 type=1 insize=1275 outsize=6 kw=POINT SHADOWS_OFF ok=1
Cmd: compileSnippet
  api=1 type=1 insize=1275 outsize=1442 kw=POINT SHADOWS_OFF ok=1
Cmd: compileSnippet
  api=0 type=1 insize=1275 outsize=6 kw=DIRECTIONAL SHADOWS_SCREEN ok=1
Cmd: compileSnippet
  api=1 type=1 insize=1275 outsize=1329 kw=DIRECTIONAL SHADOWS_SCREEN ok=1
Cmd: compileSnippet
  api=4 type=1 insize=1275 outsize=4849 kw=DIRECTIONAL_COOKIE SHADOWS_SCREEN ok=1
Cmd: compileSnippet
  api=0 type=1 insize=1275 outsize=6 kw=POINT_COOKIE SHADOWS_CUBE ok=1
Cmd: compileSnippet
  api=1 type=1 insize=1275 outsize=1734 kw=POINT_COOKIE SHADOWS_CUBE ok=1
Cmd: compileSnippet
  api=4 type=1 insize=1275 outsize=6653 kw=SPOT SHADOWS_DEPTH SHADOWS_SOFT SHADOWS_NATIVE ok=1
Cmd: compileSnippet
  api=1 type=0 insize=1268 outsize=441 kw=POINT SHADOWS_OFF ok=1
Cmd: compileSnippet
  api=1 type=0 insize=1268 outsize=441 kw=DIRECTIONAL SHADOWS_OFF ok=1
Cmd: compileSnippet
  api=0 type=0 insize=1268 outsize=3016 kw=SPOT SHADOWS_OFF ok=1
Cmd: compileSnippet
  api=4 type=0 insize=1268 outsize=1940 kw=DIRECTIONAL_COOKIE SHADOWS_OFF ok=1
Cmd: compileSnippet
  api=1 type=0 insize=1268 outsize=441 kw=SPOT SHADOWS_DEPTH SHADOWS_NATIVE ok=1
Cmd: compileSnippet
  api=4 type=0 insize=1268 outsize=1940 kw=SPOT SHADOWS_DEPTH SHADOWS_NATIVE ok=1
Cmd: compileSnippet
  api=0 type=0 insize=1268 outsize=2815 kw=DIRECTIONAL SHADOWS_SCREEN ok=1
Cmd: compileSnippet
  api=1 type=0 insize=1268 outsize=441 kw=POINT SHADOWS_CUBE ok=1
Cmd: compileSnippet
  api=1 type=0 insize=1268 outsize=441 kw=POINT_COOKIE SHADOWS_CUBE ok=1
Cmd: compileSnippet
  api=0 type=0 insize=1268 outsize=4117 kw=SPOT SHADOWS_DEPTH SHADOWS_SOFT SHADOWS_NATIVE ok=1
Cmd: compileSnippet
  api=1 type=1 insize=1268 outsize=1363 kw=POINT SHADOWS_OFF ok=1
Cmd: compileSnippet
  api=1 type=1 insize=1268 outsize=1520 kw=SPOT SHADOWS_OFF ok=1
Cmd: compileSnippet
  api=4 type=1 insize=1268 outsize=4467 kw=DIRECTIONAL_COOKIE SHADOWS_OFF ok=1
Cmd: compileSnippet
  api=4 type=1 insize=1268 outsize=4191 kw=DIRECTIONAL SHADOWS_SCREEN ok=1
Cmd: compileSnippet
  api=0 type=1 insize=1268 outsize=6 kw=POINT SHADOWS_CUBE ok=1
Cmd: compileSnippet
  api=1 type=1 insize=1268 outsize=1655 kw=POINT_COOKIE SHADOWS_CUBE ok=1
Cmd: compileSnippet
  api=0 type=1 insize=1268 outsize=6 kw=POINT SHADOWS_CUBE SHADOWS_SOFT ok=1
Cmd: compileSnippet
  api=1 type=1 insize=1268 outsize=1815 kw=POINT SHADOWS_CUBE SHADOWS_SOFT ok=1
Cmd: compileSnippet
  api=4 type=1 insize=1268 outsize=6222 kw=POINT_COOKIE SHADOWS_CUBE SHADOWS_SOFT ok=1
Cmd: compileSnippet
  api=1 type=0 insize=1273 outsize=441 kw=POINT SHADOWS_OFF ok=1
Cmd: compileSnippet
  api=0 type=0 insize=1273 outsize=2500 kw=DIRECTIONAL SHADOWS_OFF ok=1
Cmd: compileSnippet
  api=1 type=0 insize=1273 outsize=441 kw=POINT_COOKIE SHADOWS_OFF ok=1
Cmd: compileSnippet
  api=4 type=0 insize=1273 outsize=1940 kw=POINT_COOKIE SHADOWS_OFF ok=1
Cmd: compileSnippet
  api=0 type=0 insize=1273 outsize=2756 kw=DIRECTIONAL_COOKIE SHADOWS_OFF ok=1
Cmd: compileSnippet
  api=4 type=0 insize=1273 outsize=1940 kw=DIRECTIONAL SHADOWS_SCREEN ok=1
Cmd: compileSnippet
  api=0 type=0 insize=1273 outsize=3281 kw=POINT SHADOWS_CUBE ok=1
Cmd: compileSnippet
  api=4 type=0 insize=1273 outsize=1940 kw=SPOT SHADOWS_DEPTH SHADOWS_SOFT SHADOWS_NATIVE ok=1
Cmd: compileSnippet
  api=4 type=0 insize=1273 outsize=1940 kw=POINT SHADOWS_CUBE SHADOWS_SOFT ok=1
Cmd: compileSnippet
  api=1 type=0 insize=1273 outsize=441 kw=POINT_COOKIE SHADOWS_CUBE SHADOWS_SOFT ok=1
Cmd: compileSnippet
  api=4 type=0 insize=1273 outsize=1940 kw=POINT_COOKIE SHADOWS_CUBE SHADOWS_SOFT ok=1
Cmd: compileSnippet
  api=0 type=1 insize=1273 outsize=6 kw=DIRECTIONAL SHADOWS_OFF ok=1
Cmd: compileSnippet
  api=4 type=1 insize=1273 outsize=3890 kw=DIRECTIONAL SHADOWS_OFF ok=1
Cmd: compileSnippet
  api=0 type=1 insize=1273 outsize=6 kw=POINT_COOKIE SHADOWS_OFF ok=1
Cmd: compileSnippet
  api=1 type=1 insize=1273 outsize=1481 kw=POINT_COOKIE SHADOWS_OFF ok=1
Cmd: compileSnippet
  api=1 type=1 insize=1273 outsize=1703 kw=SPOT SHADOWS_DEPTH SHADOWS_NATIVE ok=1
Cmd: compileSnippet
  api=4 type=1 insize=1273 outsize=4800 kw=DIRECTIONAL_COOKIE SHADOWS_SCREEN ok=1
Cmd: compileSnippet
  api=0 type=1 insize=1273 outsize=6 kw=POINT_COOKIE SHADOWS_CUBE ok=1
Cmd: compileSnippet
  api=1 type=1 insize=1273 outsize=1660 kw=POINT_COOKIE SHADOWS_CUBE ok=1
Cmd: compileSnippet
  api=0 type=1 insize=1273 outsize=6 kw=SPOT SHADOWS_DEPTH SHADOWS_SOFT SHADOWS_NATIVE ok=1
Cmd: compileSnippet
  api=1 type=1 insize=1273 outsize=1820 kw=POINT SHADOWS_CUBE SHADOWS_SOFT ok=1
Cmd: compileSnippet
  api=0 type=1 insize=1273 outsize=6 kw=POINT_COOKIE SHADOWS_CUBE SHADOWS_SOFT ok=1
Cmd: compileSnippet
  api=1 type=1 insize=1273 outsize=1943 kw=POINT_COOKIE SHADOWS_CUBE SHADOWS_SOFT ok=1
Cmd: compileSnippet
  api=1 type=0 insize=1934 outsize=441 kw=POINT SHADOWS_OFF ok=1
Cmd: compileSnippet
  api=1 type=0 insize=1934 outsize=441 kw=DIRECTIONAL SHADOWS_OFF ok=1
Cmd: compileSnippet
  api=0 type=0 insize=1934 outsize=3948 kw=SPOT SHADOWS_OFF ok=1
Cmd: compileSnippet
  api=4 type=0 insize=1934 outsize=1940 kw=SPOT SHADOWS_DEPTH SHADOWS_NATIVE ok=1
Cmd: compileSnippet
  api=1 type=0 insize=1934 outsize=441 kw=DIRECTIONAL SHADOWS_SCREEN ok=1
Cmd: compileSnippet
  api=4 type=0 insize=1934 outsize=1940 kw=DIRECTIONAL SHADOWS_SCREEN ok=1
Cmd: compileSnippet
  api=0 type=0 insize=1934 outsize=4112 kw=DIRECTIONAL_COOKIE SHADOWS_SCREEN ok=1
Cmd: compileSnippet
  api=0 type=0 insize=1934 outsize=4415 kw=POINT_COOKIE SHADOWS_CUBE ok=1
Cmd: compileSnippet
  api=4 type=0 insize=1934 outsize=1940 kw=POINT SHADOWS_CUBE SHADOWS_SOFT ok=1
Cmd: compileSnippet
  api=1 type=0 insize=1934 outsize=441 kw=POINT_COOKIE SHADOWS_CUBE SHADOWS_SOFT ok=1
Cmd: compileSnippet
  api=4 type=0 insize=1934 outsize=1940 kw=POINT_COOKIE SHADOWS_CUBE SHADOWS_SOFT ok=1
Cmd: compileSnippet
  api=1 type=0 insize=1934 outsize=441 kw=POINT SHADOWS_OFF UNITY_HDR_ON ok=1
Cmd: compileSnippet
  api=0 type=0 insize=1934 outsize=3394 kw=DIRECTIONAL SHADOWS_OFF UNITY_HDR_ON ok=1
Cmd: compileSnippet
  api=1 type=0 insize=1934 outsize=441 kw=POINT_COOKIE SHADOWS_OFF UNITY_HDR_ON ok=1
Cmd: compileSnippet
  api=0 type=0 insize=1934 outsize=3663 kw=DIRECTIONAL_COOKIE SHADOWS_OFF UNITY_HDR_ON ok=1
Cmd: compileSnippet
  api=0 type=0 insize=1934 outsize=3907 kw=DIRECTIONAL SHADOWS_SCREEN UNITY_HDR_ON ok=1
Cmd: compileSnippet
  api=1 type=0 insize=1934 outsize=441 kw=POINT_COOKIE SHADOWS_CUBE UNITY_HDR_ON ok=1
Cmd: compileSnippet
  api=0 type=0 insize=1934 outsize=5257 kw=SPOT SHADOWS_DEPTH SHADOWS_SOFT SHADOWS_NATIVE UNITY_HDR_ON ok=1
Cmd: compileSnippet
  api=4 type=1 insize=1934 outsize=6466 kw=POINT SHADOWS_OFF ok=1
Cmd: compileSnippet
  api=0 type=1 insize=1934 outsize=6 kw=SPOT SHADOWS_OFF ok=1
Cmd: compileSnippet
  api=1 type=1 insize=1934 outsize=2383 kw=SPOT SHADOWS_OFF ok=1
Cmd: compileSnippet
  api=4 type=1 insize=1934 outsize=7043 kw=POINT_COOKIE SHADOWS_OFF ok=1
Cmd: compileSnippet
  api=4 type=1 insize=1934 outsize=8465 kw=SPOT SHADOWS_DEPTH SHADOWS_NATIVE ok=1
Cmd: compileSnippet
  api=4 type=1 insize=1934 outsize=7018 kw=POINT SHADOWS_CUBE ok=1
Cmd: compileSnippet
  api=0 type=1 insize=1934 outsize=6 kw=POINT SHADOWS_CUBE SHADOWS_SOFT ok=1
Cmd: compileSnippet
  api=4 type=1 insize=1934 outsize=7815 kw=POINT SHADOWS_CUBE SHADOWS_SOFT ok=1
Cmd: compileSnippet
  api=4 type=1 insize=1934 outsize=6417 kw=POINT SHADOWS_OFF UNITY_HDR_ON ok=1
Cmd: compileSnippet
  api=1 type=1 insize=1934 outsize=2322 kw=SPOT SHADOWS_OFF UNITY_HDR_ON ok=1
Cmd: compileSnippet
  api=0 type=1 insize=1934 outsize=6 kw=SPOT SHADOWS_DEPTH SHADOWS_NATIVE UNITY_HDR_ON ok=1
Cmd: compileSnippet
  api=1 type=1 insize=1934 outsize=2686 kw=SPOT SHADOWS_DEPTH SHADOWS_NATIVE UNITY_HDR_ON ok=1
Cmd: compileSnippet
  api=0 type=1 insize=1934 outsize=6 kw=DIRECTIONAL_COOKIE SHADOWS_SCREEN UNITY_HDR_ON ok=1
Cmd: compileSnippet
  api=1 type=1 insize=1934 outsize=2416 kw=DIRECTIONAL_COOKIE SHADOWS_SCREEN UNITY_HDR_ON ok=1
Cmd: compileSnippet
  api=4 type=1 insize=1934 outsize=6970 kw=POINT SHADOWS_CUBE UNITY_HDR_ON ok=1
Cmd: compileSnippet
  api=0 type=1 insize=1934 outsize=6 kw=SPOT SHADOWS_DEPTH SHADOWS_SOFT SHADOWS_NATIVE UNITY_HDR_ON ok=1
Cmd: compileSnippet
  api=0 type=1 insize=1934 outsize=6 kw=POINT SHADOWS_CUBE SHADOWS_SOFT UNITY_HDR_ON ok=1
Cmd: compileSnippet
  api=1 type=1 insize=1934 outsize=2634 kw=POINT SHADOWS_CUBE SHADOWS_SOFT UNITY_HDR_ON ok=1
Cmd: compileSnippet
  api=0 type=1 insize=1934 outsize=6 kw=POINT_COOKIE SHADOWS_CUBE SHADOWS_SOFT UNITY_HDR_ON ok=1
Cmd: compileSnippet
  api=1 type=1 insize=1934 outsize=2688 kw=POINT_COOKIE SHADOWS_CUBE SHADOWS_SOFT UNITY_HDR_ON ok=1
Cmd: compileSnippet
  api=4 type=1 insize=683 outsize=705 kw= ok=1
Cmd: compileSnippet
  api=8 type=0 insize=1051 outsize=1780 kw= ok=1
Cmd: compileSnippet
  api=8 type=0 insize=1089 outsize=1845 kw= ok=1
Cmd: compileSnippet
  api=8 type=1 insize=1089 outsize=1414 kw= ok=1
Cmd: compileSnippet
  api=1 type=0 insize=6481 outsize=151 kw= ok=1
Cmd: compileSnippet
  api=0 type=0 insize=723 outsize=414 kw= ok=1
Cmd: compileSnippet
  api=0 type=1 insize=723 outsize=6 kw= ok=1
Cmd: compileSnippet
  api=1 type=0 insize=1079 outsize=159 kw= ok=1
Cmd: compileSnippet
  api=1 type=1 insize=1079 outsize=346 kw= ok=1
Cmd: compileSnippet
  api=8 type=0 insize=7257 outsize=7069 kw=DIRECTIONAL SHADOWS_OFF LIGHTMAP_OFF DIRLIGHTMAP_OFF DYNAMICLIGHTMAP_OFF ok=1
Cmd: compileSnippet
  api=0 type=0 insize=7257 outsize=4619 kw=DIRECTIONAL SHADOWS_OFF LIGHTMAP_OFF DIRLIGHTMAP_OFF DYNAMICLIGHTMAP_OFF VERTEXLIGHT_ON ok=1
Cmd: compileSnippet
  api=0 type=1 insize=7257 outsize=6 kw=DIRECTIONAL SHADOWS_SCREEN LIGHTMAP_OFF DIRLIGHTMAP_OFF DYNAMICLIGHTMAP_OFF ok=1
Cmd: compileSnippet
  api=8 type=1 insize=7257 outsize=3852 kw=DIRECTIONAL SHADOWS_SCREEN SHADOWS_NATIVE LIGHTMAP_OFF DIRLIGHTMAP_OFF DYNAMICLIGHTMAP_OFF ok=1
Cmd: compileSnippet
  api=0 type=0 insize=4694 outsize=2824 kw=DIRECTIONAL ok=1
Cmd: compileSnippet
  api=4 type=0 insize=4694 outsize=3939 kw=POINT_COOKIE ok=1
Cmd: compileSnippet
  api=0 type=0 insize=4694 outsize=3055 kw=DIRECTIONAL_COOKIE ok=1
Cmd: compileSnippet
  api=1 type=1 insize=4694 outsize=755 kw=POINT ok=1
Cmd: compileSnippet
  api=1 type=1 insize=4694 outsize=901 kw=SPOT ok=1
Cmd: compileSnippet
  api=4 type=1 insize=4694 outsize=2907 kw=POINT_COOKIE ok=1
Cmd: compileSnippet
  api=8 type=1 insize=4694 outsize=3746 kw=DIRECTIONAL_COOKIE ok=1
Cmd: compileSnippet
  api=8 type=0 insize=3899 outsize=5663 kw= ok=1
Cmd: compileSnippet
  api=8 type=1 insize=3899 outsize=2283 kw= ok=1
Cmd: compileSnippet
  api=4 type=0 insize=6246 outsize=4061 kw=LIGHTMAP_OFF DIRLIGHTMAP_OFF DYNAMICLIGHTMAP_OFF HDR_LIGHT_PREPASS_OFF ok=1
Cmd: compileSnippet
  api=1 type=0 insize=6246 outsize=707 kw=LIGHTMAP_OFF DIRLIGHTMAP_OFF DYNAMICLIGHTMAP_OFF UNITY_HDR_ON ok=1
Cmd: compileSnippet
  api=8 type=0 insize=6246 outsize=5810 kw=LIGHTMAP_OFF DIRLIGHTMAP_OFF DYNAMICLIGHTMAP_OFF UNITY_HDR_ON ok=1
Cmd: compileSnippet
  api=8 type=1 insize=6246 outsize=2023 kw=LIGHTMAP_OFF DIRLIGHTMAP_OFF DYNAMICLIGHTMAP_OFF HDR_LIGHT_PREPASS_OFF ok=1
Cmd: compileSnippet
  api=1 type=0 insize=7116 outsize=956 kw=LIGHTMAP_OFF DIRLIGHTMAP_OFF DYNAMICLIGHTMAP_OFF HDR_LIGHT_PREPASS_OFF ok=1
Cmd: compileSnippet
  api=0 type=0 insize=7116 outsize=3945 kw=LIGHTMAP_OFF DIRLIGHTMAP_OFF DYNAMICLIGHTMAP_OFF UNITY_HDR_ON ok=1
Cmd: compileSnippet
  api=4 type=1 insize=7116 outsize=2371 kw=LIGHTMAP_OFF DIRLIGHTMAP_OFF DYNAMICLIGHTMAP_OFF HDR_LIGHT_PREPASS_OFF ok=1
Cmd: compileSnippet
  api=1 type=0 insize=982 outsize=991 kw=DIRECTIONAL SHADOWS_SCREEN LIGHTMAP_OFF DIRLIGHTMAP_OFF DYNAMICLIGHTMAP_OFF ok=1
Cmd: compileSnippet
  api=1 type=0 insize=982 outsize=1336 kw=DIRECTIONAL SHADOWS_OFF LIGHTMAP_OFF DIRLIGHTMAP_OFF DYNAMICLIGHTMAP_OFF VERTEXLIGHT_ON ok=1
Cmd: compileSnippet
  api=0 type=0 insize=982 outsize=11168 kw=DIRECTIONAL SHADOWS_SCREEN LIGHTMAP_OFF DIRLIGHTMAP_OFF DYNAMICLIGHTMAP_OFF VERTEXLIGHT_ON ok=1
Cmd: compileSnippet
  api=0 type=0 insize=982 outsize=10800 kw=DIRECTIONAL SHADOWS_OFF LIGHTMAP_OFF DIRLIGHTMAP_OFF DYNAMICLIGHTMAP_OFF VERTEXLIGHT_ON _ALPHABLEND_ON ok=1
Cmd: compileSnippet
  api=1 type=0 insize=982 outsize=842 kw=DIRECTIONAL SHADOWS_OFF LIGHTMAP_OFF DIRLIGHTMAP_OFF DYNAMICLIGHTMAP_OFF _ALPHAPREMULTIPLY_ON ok=1
Cmd: compileSnippet
  api=1 type=0 insize=982 outsize=991 kw=DIRECTIONAL SHADOWS_SCREEN LIGHTMAP_OFF DIRLIGHTMAP_OFF DYNAMICLIGHTMAP_OFF _ALPHAPREMULTIPLY_ON ok=1
Cmd: compileSnippet
  api=4 type=0 insize=982 outsize=4321 kw=DIRECTIONAL SHADOWS_SCREEN LIGHTMAP_OFF DIRLIGHTMAP_OFF DYNAMICLIGHTMAP_OFF _ALPHAPREMULTIPLY_ON ok=1
Cmd: compileSnippet
  api=1 type=0 insize=982 outsize=1336 kw=DIRECTIONAL SHADOWS_OFF LIGHTMAP_OFF DIRLIGHTMAP_OFF DYNAMICLIGHTMAP_OFF VERTEXLIGHT_ON _ALPHAPREMULTIPLY_ON ok=1
Cmd: compileSnippet
  api=0 type=0 insize=982 outsize=11358 kw=DIRECTIONAL SHADOWS_SCREEN LIGHTMAP_OFF DIRLIGHTMAP_OFF DYNAMICLIGHTMAP_OFF VERTEXLIGHT_ON _ALPHAPREMULTIPLY_ON ok=1
Cmd: compileSnippet
  api=1 type=0 insize=982 outsize=1026 kw=DIRECTIONAL SHADOWS_OFF LIGHTMAP_OFF DIRLIGHTMAP_OFF DYNAMICLIGHTMAP_OFF _NORMALMAP ok=1
Cmd: compileSnippet
  api=0 type=0 insize=982 outsize=12457 kw=DIRECTIONAL SHADOWS_OFF LIGHTMAP_OFF DIRLIGHTMAP_OFF DYNAMICLIGHTMAP_OFF VERTEXLIGHT_ON _NORMALMAP ok=1
Cmd: compileSnippet
  api=1 type=1 insize=982 outsize=3588 kw=DIRECTIONAL SHADOWS_OFF LIGHTMAP_OFF DIRLIGHTMAP_OFF DYNAMICLIGHTMAP_OFF ok=1
Cmd: compileSnippet
  api=0 type=1 insize=982 outsize=6 kw=DIRECTIONAL SHADOWS_OFF LIGHTMAP_OFF DIRLIGHTMAP_OFF DYNAMICLIGHTMAP_OFF _ALPHAPREMULTIPLY_ON ok=1
Cmd: compileSnippet
  api=1 type=1 insize=982 outsize=3624 kw=DIRECTIONAL SHADOWS_OFF LIGHTMAP_OFF DIRLIGHTMAP_OFF DYNAMICLIGHTMAP_OFF _ALPHAPREMULTIPLY_ON ok=1
Cmd: compileSnippet
  api=0 type=1 insize=982 outsize=6 kw=DIRECTIONAL SHADOWS_SCREEN LIGHTMAP_OFF DIRLIGHTMAP_OFF DYNAMICLIGHTMAP_OFF _NORMALMAP ok=1
Cmd: compileSnippet
  api=1 type=1 insize=982 outsize=4015 kw=DIRECTIONAL SHADOWS_SCREEN LIGHTMAP_OFF DIRLIGHTMAP_OFF DYNAMICLIGHTMAP_OFF _NORMALMAP ok=1
Cmd: compileSnippet
  api=0 type=0 insize=938 outsize=5621 kw=DIRECTIONAL SHADOWS_OFF ok=1
Cmd: compileSnippet
  api=0 type=0 insize=938 outsize=5891 kw=DIRECTIONAL_COOKIE SHADOWS_OFF ok=1
Cmd: compileSnippet
  api=1 type=0 insize=938 outsize=1051 kw=DIRECTIONAL_COOKIE SHADOWS_SCREEN ok=1
Cmd: compileSnippet
  api=4 type=0 insize=938 outsize=5068 kw=DIRECTIONAL_COOKIE SHADOWS_SCREEN ok=1
Cmd: compileSnippet
  api=0 type=0 insize=938 outsize=6730 kw=POINT SHADOWS_CUBE ok=1
Cmd: compileSnippet
  api=1 type=0 insize=938 outsize=943 kw=POINT SHADOWS_CUBE SHADOWS_SOFT ok=1
Cmd: compileSnippet
  api=0 type=0 insize=938 outsize=7800 kw=POINT_COOKIE SHADOWS_CUBE SHADOWS_SOFT ok=1
Cmd: compileSnippet
  api=1 type=0 insize=938 outsize=915 kw=SPOT SHADOWS_OFF _ALPHABLEND_ON ok=1
Cmd: compileSnippet
  api=0 type=0 insize=938 outsize=6116 kw=POINT_COOKIE SHADOWS_OFF _ALPHABLEND_ON ok=1
Cmd: compileSnippet
  api=4 type=0 insize=938 outsize=5125 kw=SPOT SHADOWS_DEPTH SHADOWS_NATIVE _ALPHABLEND_ON ok=1
Cmd: compileSnippet
  api=4 type=0 insize=938 outsize=4378 kw=DIRECTIONAL SHADOWS_SCREEN _ALPHABLEND_ON ok=1
Cmd: compileSnippet
  api=4 type=0 insize=938 outsize=5068 kw=DIRECTIONAL_COOKIE SHADOWS_SCREEN _ALPHABLEND_ON ok=1
Cmd: compileSnippet
  api=1 type=0 insize=938 outsize=943 kw=POINT SHADOWS_CUBE _ALPHABLEND_ON ok=1
Cmd: compileSnippet
  api=4 type=0 insize=938 outsize=4857 kw=POINT SHADOWS_CUBE _ALPHABLEND_ON ok=1
Cmd: compileSnippet
  api=0 type=0 insize=938 outsize=6956 kw=POINT_COOKIE SHADOWS_CUBE _ALPHABLEND_ON ok=1
Cmd: compileSnippet
  api=0 type=0 insize=938 outsize=7898 kw=POINT_COOKIE SHADOWS_CUBE SHADOWS_SOFT _ALPHABLEND_ON ok=1
Cmd: compileSnippet
  api=1 type=0 insize=938 outsize=915 kw=SPOT SHADOWS_OFF _ALPHAPREMULTIPLY_ON ok=1
Cmd: compileSnippet
  api=0 type=0 insize=938 outsize=6253 kw=POINT_COOKIE SHADOWS_OFF _ALPHAPREMULTIPLY_ON ok=1
Cmd: compileSnippet
  api=0 type=0 insize=938 outsize=6279 kw=DIRECTIONAL SHADOWS_SCREEN _ALPHAPREMULTIPLY_ON ok=1
Cmd: compileSnippet
  api=1 type=0 insize=938 outsize=943 kw=POINT_COOKIE SHADOWS_CUBE _ALPHAPREMULTIPLY_ON ok=1
Cmd: compileSnippet
  api=4 type=0 insize=938 outsize=4857 kw=POINT_COOKIE SHADOWS_CUBE _ALPHAPREMULTIPLY_ON ok=1
Cmd: compileSnippet
  api=0 type=0 insize=938 outsize=7231 kw=SPOT SHADOWS_DEPTH SHADOWS_SOFT SHADOWS_NATIVE _ALPHAPREMULTIPLY_ON ok=1
Cmd: compileSnippet
  api=1 type=0 insize=938 outsize=901 kw=POINT SHADOWS_OFF _NORMALMAP ok=1
Cmd: compileSnippet
  api=0 type=0 insize=938 outsize=6362 kw=DIRECTIONAL SHADOWS_OFF _NORMALMAP ok=1
Cmd: compileSnippet
  api=1 type=0 insize=938 outsize=882 kw=DIRECTIONAL_COOKIE SHADOWS_OFF _NORMALMAP ok=1
Cmd: compileSnippet
  api=4 type=0 insize=938 outsize=4711 kw=DIRECTIONAL_COOKIE SHADOWS_OFF _NORMALMAP ok=1
Cmd: compileSnippet
  api=1 type=0 insize=938 outsize=1005 kw=SPOT SHADOWS_DEPTH SHADOWS_NATIVE _NORMALMAP ok=1
Cmd: compileSnippet
  api=0 type=0 insize=938 outsize=6829 kw=DIRECTIONAL SHADOWS_SCREEN _NORMALMAP ok=1
Cmd: compileSnippet
  api=1 type=0 insize=938 outsize=943 kw=POINT SHADOWS_CUBE _NORMALMAP ok=1
Cmd: compileSnippet
  api=1 type=0 insize=938 outsize=943 kw=POINT_COOKIE SHADOWS_CUBE _NORMALMAP ok=1
Cmd: compileSnippet
  api=1 type=0 insize=938 outsize=1005 kw=SPOT SHADOWS_DEPTH SHADOWS_SOFT SHADOWS_NATIVE _NORMALMAP ok=1
Cmd: compileSnippet
  api=0 type=0 insize=938 outsize=8407 kw=POINT SHADOWS_CUBE SHADOWS_SOFT _NORMALMAP ok=1
Cmd: compileSnippet
  api=0 type=1 insize=938 outsize=6 kw=DIRECTIONAL SHADOWS_OFF ok=1
Cmd: compileSnippet
  api=0 type=1 insize=938 outsize=6 kw=SPOT SHADOWS_OFF ok=1
Cmd: compileSnippet
  api=0 type=1 insize=938 outsize=6 kw=POINT_COOKIE SHADOWS_OFF ok=1
Cmd: compileSnippet
  api=1 type=1 insize=938 outsize=2057 kw=POINT_COOKIE SHADOWS_OFF ok=1
Cmd: compileSnippet
  api=0 type=1 insize=938 outsize=6 kw=SPOT SHADOWS_DEPTH SHADOWS_NATIVE ok=1
Cmd: compileSnippet
  api=4 type=1 insize=938 outsize=5751 kw=DIRECTIONAL SHADOWS_SCREEN ok=1
Cmd: compileSnippet
  api=1 type=1 insize=938 outsize=2274 kw=POINT_COOKIE SHADOWS_CUBE ok=1
Cmd: compileSnippet
  api=1 type=1 insize=938 outsize=2485 kw=POINT SHADOWS_CUBE SHADOWS_SOFT ok=1
Cmd: compileSnippet
  api=0 type=1 insize=938 outsize=6 kw=POINT SHADOWS_OFF _ALPHABLEND_ON ok=1
Cmd: compileSnippet
  api=0 type=1 insize=938 outsize=6 kw=DIRECTIONAL SHADOWS_OFF _ALPHABLEND_ON ok=1
Cmd: compileSnippet
  api=1 type=1 insize=938 outsize=1932 kw=DIRECTIONAL SHADOWS_OFF _ALPHABLEND_ON ok=1
Cmd: compileSnippet
  api=0 type=1 insize=938 outsize=6 kw=POINT_COOKIE SHADOWS_OFF _ALPHABLEND_ON ok=1
Cmd: compileSnippet
  api=0 type=1 insize=938 outsize=6 kw=DIRECTIONAL_COOKIE SHADOWS_OFF _ALPHABLEND_ON ok=1
Cmd: compileSnippet
  api=1 type=1 insize=938 outsize=2000 kw=DIRECTIONAL_COOKIE SHADOWS_OFF _ALPHABLEND_ON ok=1
Cmd: compileSnippet
  api=0 type=1 insize=938 outsize=6 kw=DIRECTIONAL SHADOWS_SCREEN _ALPHABLEND_ON ok=1
Cmd: compileSnippet
  api=1 type=1 insize=938 outsize=1998 kw=DIRECTIONAL SHADOWS_SCREEN _ALPHABLEND_ON ok=1
Cmd: compileSnippet
  api=1 type=1 insize=938 outsize=2069 kw=DIRECTIONAL_COOKIE SHADOWS_SCREEN _ALPHABLEND_ON ok=1
Cmd: compileSnippet
  api=4 type=1 insize=938 outsize=6856 kw=POINT_COOKIE SHADOWS_CUBE _ALPHABLEND_ON ok=1
Cmd: compileSnippet
  api=1 type=1 insize=938 outsize=2481 kw=POINT SHADOWS_CUBE SHADOWS_SOFT _ALPHABLEND_ON ok=1
Cmd: compileSnippet
  api=4 type=1 insize=938 outsize=7628 kw=POINT_COOKIE SHADOWS_CUBE SHADOWS_SOFT _ALPHABLEND_ON ok=1
Cmd: compileSnippet
  api=0 type=1 insize=938 outsize=6 kw=POINT_COOKIE SHADOWS_OFF _ALPHAPREMULTIPLY_ON ok=1
Cmd: compileSnippet
  api=4 type=1 insize=938 outsize=6230 kw=POINT_COOKIE SHADOWS_OFF _ALPHAPREMULTIPLY_ON ok=1
Cmd: compileSnippet
  api=4 type=1 insize=938 outsize=5848 kw=DIRECTIONAL_COOKIE SHADOWS_OFF _ALPHAPREMULTIPLY_ON ok=1
Cmd: compileSnippet
  api=0 type=1 insize=938 outsize=6 kw=DIRECTIONAL SHADOWS_SCREEN _ALPHAPREMULTIPLY_ON ok=1
Cmd: compileSnippet
  api=0 type=1 insize=938 outsize=6 kw=DIRECTIONAL_COOKIE SHADOWS_SCREEN _ALPHAPREMULTIPLY_ON ok=1
Cmd: compileSnippet
  api=1 type=1 insize=938 outsize=2125 kw=DIRECTIONAL_COOKIE SHADOWS_SCREEN _ALPHAPREMULTIPLY_ON ok=1
Cmd: compileSnippet
  api=4 type=1 insize=938 outsize=6726 kw=POINT SHADOWS_CUBE _ALPHAPREMULTIPLY_ON ok=1
Cmd: compileSnippet
  api=4 type=1 insize=938 outsize=7742 kw=SPOT SHADOWS_DEPTH SHADOWS_SOFT SHADOWS_NATIVE _ALPHAPREMULTIPLY_ON ok=1
Cmd: compileSnippet
  api=0 type=1 insize=938 outsize=6 kw=POINT_COOKIE SHADOWS_CUBE SHADOWS_SOFT _ALPHAPREMULTIPLY_ON ok=1
Cmd: compileSnippet
  api=1 type=1 insize=938 outsize=2597 kw=POINT_COOKIE SHADOWS_CUBE SHADOWS_SOFT _ALPHAPREMULTIPLY_ON ok=1
Cmd: compileSnippet
  api=0 type=1 insize=938 outsize=6 kw=SPOT SHADOWS_OFF _NORMALMAP ok=1
Cmd: compileSnippet
  api=1 type=1 insize=938 outsize=2398 kw=SPOT SHADOWS_OFF _NORMALMAP ok=1
Cmd: compileSnippet
  api=4 type=1 insize=938 outsize=6393 kw=DIRECTIONAL_COOKIE SHADOWS_OFF _NORMALMAP ok=1
Cmd: compileSnippet
  api=0 type=1 insize=938 outsize=6 kw=DIRECTIONAL_COOKIE SHADOWS_SCREEN _NORMALMAP ok=1
Cmd: compileSnippet
  api=1 type=1 insize=938 outsize=2340 kw=DIRECTIONAL_COOKIE SHADOWS_SCREEN _NORMALMAP ok=1
Cmd: compileSnippet
  api=0 type=1 insize=938 outsize=6 kw=POINT_COOKIE SHADOWS_CUBE _NORMALMAP ok=1
Cmd: compileSnippet
  api=4 type=1 insize=938 outsize=7514 kw=POINT_COOKIE SHADOWS_CUBE _NORMALMAP ok=1
Cmd: compileSnippet
  api=0 type=1 insize=938 outsize=6 kw=POINT_COOKIE SHADOWS_CUBE SHADOWS_SOFT _NORMALMAP ok=1
Cmd: compileSnippet
  api=4 type=1 insize=938 outsize=8286 kw=POINT_COOKIE SHADOWS_CUBE SHADOWS_SOFT _NORMALMAP ok=1
Cmd: compileSnippet
  api=1 type=0 insize=751 outsize=199 kw=SHADOWS_CUBE ok=1
Cmd: compileSnippet
  api=0 type=0 insize=751 outsize=2369 kw=SHADOWS_DEPTH _ALPHABLEND_ON ok=1
Cmd: compileSnippet
  api=1 type=0 insize=751 outsize=879 kw=SHADOWS_DEPTH _ALPHAPREMULTIPLY_ON ok=1
Cmd: compileSnippet
  api=1 type=0 insize=751 outsize=262 kw=SHADOWS_CUBE _ALPHAPREMULTIPLY_ON ok=1
Cmd: compileSnippet
  api=0 type=1 insize=751 outsize=6 kw=SHADOWS_DEPTH ok=1
Cmd: compileSnippet
  api=0 type=1 insize=751 outsize=6 kw=SHADOWS_DEPTH _ALPHABLEND_ON ok=1
Cmd: compileSnippet
  api=0 type=1 insize=751 outsize=6 kw=SHADOWS_CUBE _ALPHABLEND_ON ok=1
Cmd: compileSnippet
  api=1 type=1 insize=751 outsize=331 kw=SHADOWS_CUBE _ALPHABLEND_ON ok=1
Cmd: compileSnippet
  api=0 type=1 insize=751 outsize=6 kw=SHADOWS_CUBE _ALPHAPREMULTIPLY_ON ok=1
Cmd: compileSnippet
  api=1 type=0 insize=1152 outsize=842 kw=LIGHTMAP_OFF DIRLIGHTMAP_OFF DYNAMICLIGHTMAP_OFF ok=1
Cmd: compileSnippet
  api=1 type=0 insize=1152 outsize=842 kw=LIGHTMAP_OFF DIRLIGHTMAP_OFF DYNAMICLIGHTMAP_OFF _ALPHABLEND_ON ok=1
Cmd: compileSnippet
  api=0 type=0 insize=1152 outsize=8396 kw=LIGHTMAP_OFF DIRLIGHTMAP_OFF DYNAMICLIGHTMAP_OFF _ALPHAPREMULTIPLY_ON ok=1
Cmd: compileSnippet
  api=4 type=0 insize=1152 outsize=3963 kw=LIGHTMAP_OFF DIRLIGHTMAP_OFF DYNAMICLIGHTMAP_OFF UNITY_HDR_ON ok=1
Cmd: compileSnippet
  api=1 type=0 insize=1152 outsize=842 kw=LIGHTMAP_OFF DIRLIGHTMAP_OFF DYNAMICLIGHTMAP_OFF UNITY_HDR_ON _ALPHABLEND_ON ok=1
Cmd: compileSnippet
  api=4 type=0 insize=1152 outsize=3963 kw=LIGHTMAP_OFF DIRLIGHTMAP_OFF DYNAMICLIGHTMAP_OFF UNITY_HDR_ON _ALPHABLEND_ON ok=1
Cmd: compileSnippet
  api=0 type=0 insize=1152 outsize=8387 kw=LIGHTMAP_OFF DIRLIGHTMAP_OFF DYNAMICLIGHTMAP_OFF UNITY_HDR_ON _ALPHAPREMULTIPLY_ON ok=1
Cmd: compileSnippet
  api=4 type=1 insize=1152 outsize=7839 kw=LIGHTMAP_OFF DIRLIGHTMAP_OFF DYNAMICLIGHTMAP_OFF ok=1
Cmd: compileSnippet
  api=1 type=1 insize=1152 outsize=2449 kw=LIGHTMAP_OFF DIRLIGHTMAP_OFF DYNAMICLIGHTMAP_OFF _ALPHAPREMULTIPLY_ON ok=1
Cmd: compileSnippet
  api=4 type=1 insize=1152 outsize=7790 kw=LIGHTMAP_OFF DIRLIGHTMAP_OFF DYNAMICLIGHTMAP_OFF UNITY_HDR_ON ok=1
Cmd: compileSnippet
  api=0 type=1 insize=1152 outsize=6 kw=LIGHTMAP_OFF DIRLIGHTMAP_OFF DYNAMICLIGHTMAP_OFF UNITY_HDR_ON _ALPHAPREMULTIPLY_ON ok=1
Cmd: compileSnippet
  api=1 type=1 insize=1152 outsize=2390 kw=LIGHTMAP_OFF DIRLIGHTMAP_OFF DYNAMICLIGHTMAP_OFF UNITY_HDR_ON _ALPHAPREMULTIPLY_ON ok=1
Cmd: compileSnippet
  api=1 type=0 insize=886 outsize=851 kw=DIRECTIONAL SHADOWS_OFF LIGHTMAP_OFF DIRLIGHTMAP_OFF DYNAMICLIGHTMAP_OFF ok=1
Cmd: compileSnippet
  api=0 type=0 insize=886 outsize=5529 kw=DIRECTIONAL SHADOWS_SCREEN LIGHTMAP_OFF DIRLIGHTMAP_OFF DYNAMICLIGHTMAP_OFF ok=1
Cmd: compileSnippet
  api=4 type=0 insize=886 outsize=6068 kw=DIRECTIONAL SHADOWS_SCREEN LIGHTMAP_OFF DIRLIGHTMAP_OFF DYNAMICLIGHTMAP_OFF VERTEXLIGHT_ON ok=1
Cmd: compileSnippet
  api=0 type=0 insize=886 outsize=5150 kw=DIRECTIONAL SHADOWS_OFF LIGHTMAP_OFF DIRLIGHTMAP_OFF DYNAMICLIGHTMAP_OFF _ALPHABLEND_ON ok=1
Cmd: compileSnippet
  api=0 type=0 insize=886 outsize=6533 kw=DIRECTIONAL SHADOWS_SCREEN LIGHTMAP_OFF DIRLIGHTMAP_OFF DYNAMICLIGHTMAP_OFF VERTEXLIGHT_ON _ALPHABLEND_ON ok=1
Cmd: compileSnippet
  api=1 type=0 insize=886 outsize=1345 kw=DIRECTIONAL SHADOWS_OFF LIGHTMAP_OFF DIRLIGHTMAP_OFF DYNAMICLIGHTMAP_OFF VERTEXLIGHT_ON _ALPHAPREMULTIPLY_ON ok=1
Cmd: compileSnippet
  api=4 type=0 insize=886 outsize=5710 kw=DIRECTIONAL SHADOWS_OFF LIGHTMAP_OFF DIRLIGHTMAP_OFF DYNAMICLIGHTMAP_OFF VERTEXLIGHT_ON _ALPHAPREMULTIPLY_ON ok=1
Cmd: compileSnippet
  api=0 type=0 insize=886 outsize=6592 kw=DIRECTIONAL SHADOWS_SCREEN LIGHTMAP_OFF DIRLIGHTMAP_OFF DYNAMICLIGHTMAP_OFF VERTEXLIGHT_ON _ALPHAPREMULTIPLY_ON ok=1
Cmd: compileSnippet
  api=4 type=0 insize=886 outsize=5312 kw=DIRECTIONAL SHADOWS_SCREEN LIGHTMAP_OFF DIRLIGHTMAP_OFF DYNAMICLIGHTMAP_OFF _NORMALMAP ok=1
Cmd: compileSnippet
  api=1 type=0 insize=886 outsize=1532 kw=DIRECTIONAL SHADOWS_OFF LIGHTMAP_OFF DIRLIGHTMAP_OFF DYNAMICLIGHTMAP_OFF VERTEXLIGHT_ON _NORMALMAP ok=1
Cmd: compileSnippet
  api=4 type=0 insize=886 outsize=6368 kw=DIRECTIONAL SHADOWS_OFF LIGHTMAP_OFF DIRLIGHTMAP_OFF DYNAMICLIGHTMAP_OFF VERTEXLIGHT_ON _NORMALMAP ok=1
Cmd: compileSnippet
  api=8 type=0 insize=886 outsize=9588 kw=DIRECTIONAL SHADOWS_OFF LIGHTMAP_OFF DIRLIGHTMAP_OFF DYNAMICLIGHTMAP_OFF VERTEXLIGHT_ON _NORMALMAP ok=1
Cmd: compileSnippet
  api=1 type=0 insize=886 outsize=1660 kw=DIRECTIONAL SHADOWS_SCREEN LIGHTMAP_OFF DIRLIGHTMAP_OFF DYNAMICLIGHTMAP_OFF VERTEXLIGHT_ON _NORMALMAP ok=1
Cmd: compileSnippet
  api=8 type=0 insize=886 outsize=8337 kw=DIRECTIONAL SHADOWS_SCREEN SHADOWS_NATIVE LIGHTMAP_OFF DIRLIGHTMAP_OFF DYNAMICLIGHTMAP_OFF _NORMALMAP ok=1
Cmd: compileSnippet
  api=4 type=1 insize=886 outsize=4004 kw=DIRECTIONAL SHADOWS_OFF LIGHTMAP_OFF DIRLIGHTMAP_OFF DYNAMICLIGHTMAP_OFF ok=1
Cmd: compileSnippet
  api=8 type=1 insize=886 outsize=6508 kw=DIRECTIONAL SHADOWS_SCREEN SHADOWS_NATIVE LIGHTMAP_OFF DIRLIGHTMAP_OFF DYNAMICLIGHTMAP_OFF ok=1
Cmd: compileSnippet
  api=8 type=1 insize=886 outsize=6565 kw=DIRECTIONAL SHADOWS_SCREEN SHADOWS_NATIVE LIGHTMAP_OFF DIRLIGHTMAP_OFF DYNAMICLIGHTMAP_OFF _ALPHABLEND_ON ok=1
Cmd: compileSnippet
  api=0 type=1 insize=886 outsize=6 kw=DIRECTIONAL SHADOWS_OFF LIGHTMAP_OFF DIRLIGHTMAP_OFF DYNAMICLIGHTMAP_OFF _NORMALMAP ok=1
Cmd: compileSnippet
  api=1 type=1 insize=886 outsize=1435 kw=DIRECTIONAL SHADOWS_OFF LIGHTMAP_OFF DIRLIGHTMAP_OFF DYNAMICLIGHTMAP_OFF _NORMALMAP ok=1
Cmd: compileSnippet
  api=0 type=1 insize=886 outsize=6 kw=DIRECTIONAL SHADOWS_SCREEN LIGHTMAP_OFF DIRLIGHTMAP_OFF DYNAMICLIGHTMAP_OFF _NORMALMAP ok=1
Cmd: compileSnippet
  api=1 type=1 insize=886 outsize=1530 kw=DIRECTIONAL SHADOWS_SCREEN LIGHTMAP_OFF DIRLIGHTMAP_OFF DYNAMICLIGHTMAP_OFF _NORMALMAP ok=1
Cmd: compileSnippet
  api=8 type=1 insize=886 outsize=7557 kw=DIRECTIONAL SHADOWS_SCREEN SHADOWS_NATIVE LIGHTMAP_OFF DIRLIGHTMAP_OFF DYNAMICLIGHTMAP_OFF _NORMALMAP ok=1
Cmd: compileSnippet
  api=0 type=0 insize=816 outsize=4784 kw=POINT SHADOWS_OFF ok=1
Cmd: compileSnippet
  api=4 type=0 insize=816 outsize=5020 kw=SPOT SHADOWS_OFF ok=1
Cmd: compileSnippet
  api=1 type=0 insize=816 outsize=871 kw=POINT_COOKIE SHADOWS_OFF ok=1
Cmd: compileSnippet
  api=4 type=0 insize=816 outsize=5020 kw=POINT_COOKIE SHADOWS_OFF ok=1
Cmd: compileSnippet
  api=0 type=0 insize=816 outsize=4737 kw=DIRECTIONAL_COOKIE SHADOWS_OFF ok=1
Cmd: compileSnippet
  api=1 type=0 insize=816 outsize=929 kw=DIRECTIONAL SHADOWS_SCREEN ok=1
Cmd: compileSnippet
  api=0 type=0 insize=816 outsize=5176 kw=DIRECTIONAL_COOKIE SHADOWS_SCREEN ok=1
Cmd: compileSnippet
  api=8 type=0 insize=816 outsize=7451 kw=POINT_COOKIE SHADOWS_CUBE ok=1
Cmd: compileSnippet
  api=8 type=0 insize=816 outsize=7687 kw=DIRECTIONAL_COOKIE SHADOWS_SCREEN SHADOWS_NATIVE ok=1
Cmd: compileSnippet
  api=8 type=0 insize=816 outsize=7272 kw=POINT SHADOWS_OFF _ALPHABLEND_ON ok=1
Cmd: compileSnippet
  api=4 type=0 insize=816 outsize=4175 kw=DIRECTIONAL SHADOWS_OFF _ALPHABLEND_ON ok=1
Cmd: compileSnippet
  api=0 type=0 insize=816 outsize=4986 kw=SPOT SHADOWS_OFF _ALPHABLEND_ON ok=1
Cmd: compileSnippet
  api=4 type=0 insize=816 outsize=4865 kw=DIRECTIONAL_COOKIE SHADOWS_OFF _ALPHABLEND_ON ok=1
Cmd: compileSnippet
  api=0 type=0 insize=816 outsize=5370 kw=SPOT SHADOWS_DEPTH SHADOWS_NATIVE _ALPHABLEND_ON ok=1
Cmd: compileSnippet
  api=4 type=0 insize=816 outsize=5223 kw=DIRECTIONAL_COOKIE SHADOWS_SCREEN _ALPHABLEND_ON ok=1
Cmd: compileSnippet
  api=1 type=0 insize=816 outsize=893 kw=POINT SHADOWS_CUBE _ALPHABLEND_ON ok=1
Cmd: compileSnippet
  api=4 type=0 insize=816 outsize=5166 kw=POINT SHADOWS_CUBE _ALPHABLEND_ON ok=1
Cmd: compileSnippet
  api=8 type=0 insize=816 outsize=7451 kw=POINT SHADOWS_CUBE _ALPHABLEND_ON ok=1
Cmd: compileSnippet
  api=0 type=0 insize=816 outsize=5762 kw=POINT_COOKIE SHADOWS_CUBE _ALPHABLEND_ON ok=1
Cmd: compileSnippet
  api=8 type=0 insize=816 outsize=6070 kw=DIRECTIONAL SHADOWS_OFF _ALPHAPREMULTIPLY_ON ok=1
Cmd: compileSnippet
  api=1 type=0 insize=816 outsize=890 kw=SPOT SHADOWS_OFF _ALPHAPREMULTIPLY_ON ok=1
Cmd: compileSnippet
  api=4 type=0 insize=816 outsize=5020 kw=SPOT SHADOWS_OFF _ALPHAPREMULTIPLY_ON ok=1
Cmd: compileSnippet
  api=1 type=0 insize=816 outsize=871 kw=POINT_COOKIE SHADOWS_OFF _ALPHAPREMULTIPLY_ON ok=1
Cmd: compileSnippet
  api=4 type=0 insize=816 outsize=5020 kw=POINT_COOKIE SHADOWS_OFF _ALPHAPREMULTIPLY_ON ok=1
Cmd: compileSnippet
  api=0 type=0 insize=816 outsize=4843 kw=DIRECTIONAL_COOKIE SHADOWS_OFF _ALPHAPREMULTIPLY_ON ok=1
Cmd: compileSnippet
  api=4 type=0 insize=816 outsize=4532 kw=DIRECTIONAL SHADOWS_SCREEN _ALPHAPREMULTIPLY_ON ok=1
Cmd: compileSnippet
  api=1 type=0 insize=816 outsize=985 kw=DIRECTIONAL_COOKIE SHADOWS_SCREEN _ALPHAPREMULTIPLY_ON ok=1
Cmd: compileSnippet
  api=4 type=0 insize=816 outsize=5223 kw=DIRECTIONAL_COOKIE SHADOWS_SCREEN _ALPHAPREMULTIPLY_ON ok=1
Cmd: compileSnippet
  api=0 type=0 insize=816 outsize=5652 kw=POINT SHADOWS_CUBE _ALPHAPREMULTIPLY_ON ok=1
Cmd: compileSnippet
  api=0 type=0 insize=816 outsize=5409 kw=POINT SHADOWS_OFF _NORMALMAP ok=1
Cmd: compileSnippet
  api=1 type=0 insize=816 outsize=871 kw=POINT_COOKIE SHADOWS_OFF _NORMALMAP ok=1
Cmd: compileSnippet
  api=4 type=0 insize=816 outsize=5020 kw=POINT_COOKIE SHADOWS_OFF _NORMALMAP ok=1
Cmd: compileSnippet
  api=0 type=0 insize=816 outsize=5362 kw=DIRECTIONAL_COOKIE SHADOWS_OFF _NORMALMAP ok=1
Cmd: compileSnippet
  api=4 type=0 insize=816 outsize=4532 kw=DIRECTIONAL SHADOWS_SCREEN _NORMALMAP ok=1
Cmd: compileSnippet
  api=1 type=0 insize=816 outsize=985 kw=DIRECTIONAL_COOKIE SHADOWS_SCREEN _NORMALMAP ok=1
Cmd: compileSnippet
  api=4 type=0 insize=816 outsize=5223 kw=DIRECTIONAL_COOKIE SHADOWS_SCREEN _NORMALMAP ok=1
Cmd: compileSnippet
  api=0 type=0 insize=816 outsize=6160 kw=POINT SHADOWS_CUBE _NORMALMAP ok=1
Cmd: compileSnippet
  api=1 type=1 insize=816 outsize=796 kw=POINT SHADOWS_OFF ok=1
Cmd: compileSnippet
  api=4 type=1 insize=816 outsize=2566 kw=DIRECTIONAL SHADOWS_OFF ok=1
Cmd: compileSnippet
  api=0 type=1 insize=816 outsize=6 kw=POINT_COOKIE SHADOWS_OFF ok=1
Cmd: compileSnippet
  api=1 type=1 insize=816 outsize=846 kw=POINT_COOKIE SHADOWS_OFF ok=1
Cmd: compileSnippet
  api=8 type=1 insize=816 outsize=4656 kw=POINT_COOKIE SHADOWS_OFF ok=1
Cmd: compileSnippet
  api=1 type=1 insize=816 outsize=1006 kw=SPOT SHADOWS_DEPTH SHADOWS_NATIVE ok=1
Cmd: compileSnippet
  api=0 type=1 insize=816 outsize=6 kw=DIRECTIONAL SHADOWS_SCREEN ok=1
Cmd: compileSnippet
  api=1 type=1 insize=816 outsize=789 kw=DIRECTIONAL SHADOWS_SCREEN ok=1
Cmd: compileSnippet
  api=0 type=1 insize=816 outsize=6 kw=DIRECTIONAL_COOKIE SHADOWS_SCREEN ok=1
Cmd: compileSnippet
  api=1 type=1 insize=816 outsize=853 kw=DIRECTIONAL_COOKIE SHADOWS_SCREEN ok=1
Cmd: compileSnippet
  api=4 type=1 insize=816 outsize=3143 kw=DIRECTIONAL_COOKIE SHADOWS_SCREEN ok=1
Cmd: compileSnippet
  api=8 type=1 insize=816 outsize=5444 kw=POINT SHADOWS_CUBE ok=1
Cmd: compileSnippet
  api=8 type=1 insize=816 outsize=4973 kw=DIRECTIONAL_COOKIE SHADOWS_SCREEN SHADOWS_NATIVE ok=1
Cmd: compileSnippet
  api=8 type=1 insize=816 outsize=3908 kw=DIRECTIONAL SHADOWS_OFF _ALPHABLEND_ON ok=1
Cmd: compileSnippet
  api=8 type=1 insize=816 outsize=4688 kw=POINT_COOKIE SHADOWS_OFF _ALPHABLEND_ON ok=1
Cmd: compileSnippet
  api=8 type=1 insize=816 outsize=4290 kw=DIRECTIONAL_COOKIE SHADOWS_OFF _ALPHABLEND_ON ok=1
Cmd: compileSnippet
  api=0 type=1 insize=816 outsize=6 kw=DIRECTIONAL SHADOWS_SCREEN _ALPHABLEND_ON ok=1
Cmd: compileSnippet
  api=1 type=1 insize=816 outsize=805 kw=DIRECTIONAL SHADOWS_SCREEN _ALPHABLEND_ON ok=1
Cmd: compileSnippet
  api=0 type=1 insize=816 outsize=6 kw=DIRECTIONAL_COOKIE SHADOWS_SCREEN _ALPHABLEND_ON ok=1
Cmd: compileSnippet
  api=1 type=1 insize=816 outsize=844 kw=DIRECTIONAL_COOKIE SHADOWS_SCREEN _ALPHABLEND_ON ok=1
Cmd: compileSnippet
  api=8 type=1 insize=816 outsize=5477 kw=POINT SHADOWS_CUBE _ALPHABLEND_ON ok=1
Cmd: compileSnippet
  api=4 type=1 insize=816 outsize=2623 kw=DIRECTIONAL SHADOWS_OFF _ALPHAPREMULTIPLY_ON ok=1
Cmd: compileSnippet
  api=1 type=1 insize=816 outsize=901 kw=POINT_COOKIE SHADOWS_OFF _ALPHAPREMULTIPLY_ON ok=1
Cmd: compileSnippet
  api=4 type=1 insize=816 outsize=2883 kw=DIRECTIONAL_COOKIE SHADOWS_OFF _ALPHAPREMULTIPLY_ON ok=1
Cmd: compileSnippet
  api=0 type=1 insize=816 outsize=6 kw=POINT SHADOWS_CUBE _ALPHAPREMULTIPLY_ON ok=1
Cmd: compileSnippet
  api=1 type=1 insize=816 outsize=1048 kw=POINT SHADOWS_CUBE _ALPHAPREMULTIPLY_ON ok=1
Cmd: compileSnippet
  api=8 type=1 insize=816 outsize=4688 kw=DIRECTIONAL SHADOWS_SCREEN SHADOWS_NATIVE _ALPHAPREMULTIPLY_ON ok=1
Cmd: compileSnippet
  api=1 type=1 insize=816 outsize=990 kw=DIRECTIONAL SHADOWS_OFF _NORMALMAP ok=1
Cmd: compileSnippet
  api=8 type=1 insize=816 outsize=4802 kw=DIRECTIONAL SHADOWS_OFF _NORMALMAP ok=1
Cmd: compileSnippet
  api=4 type=1 insize=816 outsize=3590 kw=POINT_COOKIE SHADOWS_OFF _NORMALMAP ok=1
Cmd: compileSnippet
  api=4 type=1 insize=816 outsize=3346 kw=DIRECTIONAL_COOKIE SHADOWS_OFF _NORMALMAP ok=1
Cmd: compileSnippet
  api=8 type=1 insize=816 outsize=6801 kw=SPOT SHADOWS_DEPTH SHADOWS_NATIVE _NORMALMAP ok=1
Cmd: compileSnippet
  api=0 type=1 insize=816 outsize=6 kw=POINT_COOKIE SHADOWS_CUBE _NORMALMAP ok=1
Cmd: compileSnippet
  api=1 type=1 insize=816 outsize=1288 kw=POINT_COOKIE SHADOWS_CUBE _NORMALMAP ok=1
Cmd: compileSnippet
  api=1 type=0 insize=600 outsize=832 kw=SHADOWS_DEPTH ok=1
Cmd: compileSnippet
  api=0 type=0 insize=600 outsize=474 kw=SHADOWS_CUBE ok=1
Cmd: compileSnippet
  api=0 type=0 insize=600 outsize=830 kw=SHADOWS_CUBE _ALPHABLEND_ON ok=1
Cmd: compileSnippet
  api=0 type=0 insize=600 outsize=830 kw=SHADOWS_CUBE _ALPHAPREMULTIPLY_ON ok=1
Cmd: compileSnippet
  api=1 type=1 insize=600 outsize=67 kw=SHADOWS_DEPTH ok=1
Cmd: compileSnippet
  api=4 type=1 insize=600 outsize=608 kw=SHADOWS_CUBE ok=1
Cmd: compileSnippet
  api=8 type=1 insize=600 outsize=1235 kw=SHADOWS_DEPTH _ALPHABLEND_ON ok=1
Cmd: compileSnippet
  api=4 type=1 insize=600 outsize=819 kw=SHADOWS_DEPTH _ALPHAPREMULTIPLY_ON ok=1
Cmd: compileSnippet
  api=8 type=1 insize=600 outsize=1528 kw=SHADOWS_CUBE _ALPHAPREMULTIPLY_ON ok=1
Cmd: compileSnippet
  api=8 type=0 insize=1705 outsize=1812 kw=SOFTPARTICLES_OFF ok=1
Cmd: compileSnippet
  api=1 type=1 insize=1705 outsize=115 kw=SOFTPARTICLES_OFF ok=1
Cmd: compileSnippet
  api=1 type=0 insize=1482 outsize=169 kw=SOFTPARTICLES_OFF ok=1
Cmd: compileSnippet
  api=1 type=0 insize=1482 outsize=335 kw=SOFTPARTICLES_ON ok=1
Cmd: compileSnippet
  api=1 type=1 insize=1482 outsize=147 kw=SOFTPARTICLES_OFF ok=1
Cmd: compileSnippet
  api=8 type=0 insize=959 outsize=1560 kw= ok=1
Cmd: compileSnippet
  api=8 type=1 insize=959 outsize=837 kw= ok=1
Cmd: compileSnippet
  api=1 type=1 insize=990 outsize=103 kw= ok=1
Cmd: compileSnippet
  api=1 type=1 insize=818 outsize=78 kw= ok=1
Cmd: compileSnippet
  api=1 type=0 insize=1329 outsize=495 kw= ok=1
Cmd: compileSnippet
  api=0 type=1 insize=1329 outsize=6 kw= ok=1
Cmd: compileSnippet
  api=1 type=1 insize=1325 outsize=240 kw= ok=1
Cmd: compileSnippet
  api=8 type=0 insize=1325 outsize=2283 kw= ok=1
Cmd: compileSnippet
  api=8 type=1 insize=1325 outsize=1528 kw= ok=1
Cmd: compileSnippet
  api=1 type=0 insize=1329 outsize=495 kw= ok=1
Cmd: compileSnippet
  api=1 type=1 insize=1317 outsize=240 kw= ok=1
Cmd: compileSnippet
  api=0 type=0 insize=1327 outsize=1078 kw= ok=1
Cmd: compileSnippet
  api=1 type=1 insize=1327 outsize=240 kw= ok=1
Cmd: compileSnippet
  api=0 type=0 insize=3447 outsize=2012 kw=WATER_REFLECTIVE ok=1
Cmd: compileSnippet
  api=0 type=1 insize=3447 outsize=6 kw=WATER_REFLECTIVE ok=1
Cmd: compileSnippet
  api=8 type=1 insize=3447 outsize=3860 kw=WATER_REFLECTIVE ok=1
Unhandled exception: Readfile from pipe failed. GLE=The pipe has been ended.


Quitting shader compiler process

Crashed!
